Determining if files usbhid.h exist failed with the following output:
Change Dir: /home/dowoncha/Documents/comp575_pa2/build/CMakeFiles/CMakeTmp

Run Build Command:"/usr/bin/make" "cmTryCompileExec3103796309/fast"
make[1]: Entering directory `/home/dowoncha/Documents/comp575_pa2/build/CMakeFiles/CMakeTmp'
/usr/bin/make -f CMakeFiles/cmTryCompileExec3103796309.dir/build.make CMakeFiles/cmTryCompileExec3103796309.dir/build
make[2]: Entering directory `/home/dowoncha/Documents/comp575_pa2/build/CMakeFiles/CMakeTmp'
/usr/bin/cmake -E cmake_progress_report /home/dowoncha/Documents/comp575_pa2/build/CMakeFiles/CMakeTmp/CMakeFiles 1
Building C object CMakeFiles/cmTryCompileExec3103796309.dir/CheckIncludeFiles.c.o
/usr/bin/cc   -Wall -pedantic    -o CMakeFiles/cmTryCompileExec3103796309.dir/CheckIncludeFiles.c.o   -c /home/dowoncha/Documents/comp575_pa2/build/CMakeFiles/CMakeTmp/CheckIncludeFiles.c
/home/dowoncha/Documents/comp575_pa2/build/CMakeFiles/CMakeTmp/CheckIncludeFiles.c:2:20: fatal error: usbhid.h: No such file or directory
 #include <usbhid.h>
                    ^
compilation terminated.
make[2]: Leaving directory `/home/dowoncha/Documents/comp575_pa2/build/CMakeFiles/CMakeTmp'
make[2]: *** [CMakeFiles/cmTryCompileExec3103796309.dir/CheckIncludeFiles.c.o] Error 1
make[1]: Leaving directory `/home/dowoncha/Documents/comp575_pa2/build/CMakeFiles/CMakeTmp'
make[1]: *** [cmTryCompileExec3103796309/fast] Error 2

Source:
/* */
#include <usbhid.h>


int main(void){return 0;}

Determining if the function XParseGeometry exists failed with the following output:
Change Dir: /home/dowoncha/Documents/comp575_pa2/build/CMakeFiles/CMakeTmp

Run Build Command:"/usr/bin/make" "cmTryCompileExec135642031/fast"
make[1]: Entering directory `/home/dowoncha/Documents/comp575_pa2/build/CMakeFiles/CMakeTmp'
/usr/bin/make -f CMakeFiles/cmTryCompileExec135642031.dir/build.make CMakeFiles/cmTryCompileExec135642031.dir/build
make[2]: Entering directory `/home/dowoncha/Documents/comp575_pa2/build/CMakeFiles/CMakeTmp'
/usr/bin/cmake -E cmake_progress_report /home/dowoncha/Documents/comp575_pa2/build/CMakeFiles/CMakeTmp/CMakeFiles 1
Building C object CMakeFiles/cmTryCompileExec135642031.dir/CheckFunctionExists.c.o
/usr/bin/cc   -Wall -pedantic -DCHECK_FUNCTION_EXISTS=XParseGeometry   -o CMakeFiles/cmTryCompileExec135642031.dir/CheckFunctionExists.c.o   -c /usr/share/cmake-3.2/Modules/CheckFunctionExists.c
Linking C executable cmTryCompileExec135642031
/usr/bin/cmake -E cmake_link_script CMakeFiles/cmTryCompileExec135642031.dir/link.txt --verbose=1
/usr/bin/cc   -Wall -pedantic -DCHECK_FUNCTION_EXISTS=XParseGeometry    CMakeFiles/cmTryCompileExec135642031.dir/CheckFunctionExists.c.o  -o cmTryCompileExec135642031 -rdynamic -lm 
CMakeFiles/cmTryCompileExec135642031.dir/CheckFunctionExists.c.o: In function `main':
CheckFunctionExists.c:(.text+0x15): undefined reference to `XParseGeometry'
collect2: error: ld returned 1 exit status
make[2]: *** [cmTryCompileExec135642031] Error 1
make[2]: Leaving directory `/home/dowoncha/Documents/comp575_pa2/build/CMakeFiles/CMakeTmp'
make[1]: *** [cmTryCompileExec135642031/fast] Error 2
make[1]: Leaving directory `/home/dowoncha/Documents/comp575_pa2/build/CMakeFiles/CMakeTmp'


Determining if the pthread_create exist failed with the following output:
Change Dir: /home/dowoncha/Documents/comp575_pa2/build/CMakeFiles/CMakeTmp

Run Build Command:"/usr/bin/make" "cmTryCompileExec4192667970/fast"
make[1]: Entering directory `/home/dowoncha/Documents/comp575_pa2/build/CMakeFiles/CMakeTmp'
/usr/bin/make -f CMakeFiles/cmTryCompileExec4192667970.dir/build.make CMakeFiles/cmTryCompileExec4192667970.dir/build
make[2]: Entering directory `/home/dowoncha/Documents/comp575_pa2/build/CMakeFiles/CMakeTmp'
/usr/bin/cmake -E cmake_progress_report /home/dowoncha/Documents/comp575_pa2/build/CMakeFiles/CMakeTmp/CMakeFiles 1
Building C object CMakeFiles/cmTryCompileExec4192667970.dir/CheckSymbolExists.c.o
/usr/bin/cc    -o CMakeFiles/cmTryCompileExec4192667970.dir/CheckSymbolExists.c.o   -c /home/dowoncha/Documents/comp575_pa2/build/CMakeFiles/CMakeTmp/CheckSymbolExists.c
Linking C executable cmTryCompileExec4192667970
/usr/bin/cmake -E cmake_link_script CMakeFiles/cmTryCompileExec4192667970.dir/link.txt --verbose=1
/usr/bin/cc       CMakeFiles/cmTryCompileExec4192667970.dir/CheckSymbolExists.c.o  -o cmTryCompileExec4192667970 -rdynamic 
CMakeFiles/cmTryCompileExec4192667970.dir/CheckSymbolExists.c.o: In function `main':
CheckSymbolExists.c:(.text+0x16): undefined reference to `pthread_create'
collect2: error: ld returned 1 exit status
make[2]: *** [cmTryCompileExec4192667970] Error 1
make[2]: Leaving directory `/home/dowoncha/Documents/comp575_pa2/build/CMakeFiles/CMakeTmp'
make[1]: *** [cmTryCompileExec4192667970/fast] Error 2
make[1]: Leaving directory `/home/dowoncha/Documents/comp575_pa2/build/CMakeFiles/CMakeTmp'

File /home/dowoncha/Documents/comp575_pa2/build/CMakeFiles/CMakeTmp/CheckSymbolExists.c:
/* */
#include <pthread.h>

int main(int argc, char** argv)
{
  (void)argv;
#ifndef pthread_create
  return ((int*)(&pthread_create))[argc];
#else
  (void)argc;
  return 0;
#endif
}

Determining if the function pthread_create exists in the pthreads failed with the following output:
Change Dir: /home/dowoncha/Documents/comp575_pa2/build/CMakeFiles/CMakeTmp

Run Build Command:"/usr/bin/make" "cmTryCompileExec293746752/fast"
make[1]: Entering directory `/home/dowoncha/Documents/comp575_pa2/build/CMakeFiles/CMakeTmp'
/usr/bin/make -f CMakeFiles/cmTryCompileExec293746752.dir/build.make CMakeFiles/cmTryCompileExec293746752.dir/build
make[2]: Entering directory `/home/dowoncha/Documents/comp575_pa2/build/CMakeFiles/CMakeTmp'
/usr/bin/cmake -E cmake_progress_report /home/dowoncha/Documents/comp575_pa2/build/CMakeFiles/CMakeTmp/CMakeFiles 1
Building C object CMakeFiles/cmTryCompileExec293746752.dir/CheckFunctionExists.c.o
/usr/bin/cc   -DCHECK_FUNCTION_EXISTS=pthread_create   -o CMakeFiles/cmTryCompileExec293746752.dir/CheckFunctionExists.c.o   -c /usr/share/cmake-3.2/Modules/CheckFunctionExists.c
Linking C executable cmTryCompileExec293746752
/usr/bin/cmake -E cmake_link_script CMakeFiles/cmTryCompileExec293746752.dir/link.txt --verbose=1
/usr/bin/cc   -DCHECK_FUNCTION_EXISTS=pthread_create    CMakeFiles/cmTryCompileExec293746752.dir/CheckFunctionExists.c.o  -o cmTryCompileExec293746752 -rdynamic -lpthreads 
/usr/bin/ld: cannot find -lpthreads
collect2: error: ld returned 1 exit status
make[2]: *** [cmTryCompileExec293746752] Error 1
make[2]: Leaving directory `/home/dowoncha/Documents/comp575_pa2/build/CMakeFiles/CMakeTmp'
make[1]: *** [cmTryCompileExec293746752/fast] Error 2
make[1]: Leaving directory `/home/dowoncha/Documents/comp575_pa2/build/CMakeFiles/CMakeTmp'


